<?xml version="1.0" encoding="UTF-8"?>
<coverage generated="1784627976525" clover="3.2.0">
  <project timestamp="1784627976525" name="All files">
    <metrics statements="12" coveredstatements="11" conditionals="17" coveredconditionals="16" methods="6" coveredmethods="6" elements="35" coveredelements="33" complexity="0" loc="12" ncloc="12" packages="1" files="2" classes="2"/>
    <file name="publishPreparation.ts" path="/Users/tiklab/Project/AI内容营销平台-codex/ai-content-marketing-system/frontend/src/utils/publishPreparation.ts">
      <metrics statements="9" coveredstatements="8" conditionals="17" coveredconditionals="16" methods="3" coveredmethods="3"/>
      <line num="4" count="1" type="stmt"/>
      <line num="15" count="5" type="cond" truecount="2" falsecount="0"/>
      <line num="16" count="4" type="cond" truecount="2" falsecount="0"/>
      <line num="17" count="3" type="stmt"/>
      <line num="18" count="3" type="cond" truecount="2" falsecount="0"/>
      <line num="22" count="3" type="cond" truecount="2" falsecount="0"/>
      <line num="26" count="3" type="cond" truecount="4" falsecount="0"/>
      <line num="27" count="2" type="cond" truecount="3" falsecount="1"/>
      <line num="28" count="0" type="stmt"/>
    </file>
    <file name="tags.ts" path="/Users/tiklab/Project/AI内容营销平台-codex/ai-content-marketing-system/frontend/src/utils/tags.ts">
      <metrics statements="3" coveredstatements="3" conditionals="0" coveredconditionals="0" methods="3" coveredmethods="3"/>
      <line num="2" count="4" type="stmt"/>
      <line num="4" count="9" type="stmt"/>
      <line num="5" count="9" type="stmt"/>
    </file>
  </project>
</coverage>
