{"/Users/tiklab/Project/AI内容营销平台-codex/ai-content-marketing-system/frontend/src/utils/publishPreparation.ts": {"path":"/Users/tiklab/Project/AI内容营销平台-codex/ai-content-marketing-system/frontend/src/utils/publishPreparation.ts","statementMap":{"0":{"start":{"line":4,"column":86},"end":{"line":8,"column":null}},"1":{"start":{"line":15,"column":2},"end":{"line":15,"column":null}},"2":{"start":{"line":15,"column":35},"end":{"line":15,"column":null}},"3":{"start":{"line":16,"column":2},"end":{"line":16,"column":null}},"4":{"start":{"line":16,"column":21},"end":{"line":16,"column":null}},"5":{"start":{"line":17,"column":22},"end":{"line":17,"column":null}},"6":{"start":{"line":18,"column":2},"end":{"line":18,"column":null}},"7":{"start":{"line":22,"column":2},"end":{"line":22,"column":null}},"8":{"start":{"line":26,"column":2},"end":{"line":26,"column":null}},"9":{"start":{"line":26,"column":62},"end":{"line":26,"column":null}},"10":{"start":{"line":27,"column":2},"end":{"line":27,"column":null}},"11":{"start":{"line":27,"column":51},"end":{"line":27,"column":null}},"12":{"start":{"line":28,"column":2},"end":{"line":28,"column":null}}},"fnMap":{"0":{"name":"isPreparationReady","decl":{"start":{"line":10,"column":16},"end":{"line":10,"column":null}},"loc":{"start":{"line":14,"column":2},"end":{"line":19,"column":null}},"line":14},"1":{"name":"isHttpUrl","decl":{"start":{"line":21,"column":16},"end":{"line":21,"column":26}},"loc":{"start":{"line":21,"column":42},"end":{"line":23,"column":null}},"line":21},"2":{"name":"getPreparedActionLabel","decl":{"start":{"line":25,"column":16},"end":{"line":25,"column":39}},"loc":{"start":{"line":25,"column":93},"end":{"line":29,"column":null}},"line":25}},"branchMap":{"0":{"loc":{"start":{"line":13,"column":2},"end":{"line":13,"column":null}},"type":"default-arg","locations":[{"start":{"line":13,"column":8},"end":{"line":13,"column":null}}],"line":13},"1":{"loc":{"start":{"line":15,"column":2},"end":{"line":15,"column":null}},"type":"if","locations":[{"start":{"line":15,"column":2},"end":{"line":15,"column":null}},{"start":{},"end":{}}],"line":15},"2":{"loc":{"start":{"line":16,"column":2},"end":{"line":16,"column":null}},"type":"if","locations":[{"start":{"line":16,"column":2},"end":{"line":16,"column":null}},{"start":{},"end":{}}],"line":16},"3":{"loc":{"start":{"line":18,"column":9},"end":{"line":18,"column":null}},"type":"binary-expr","locations":[{"start":{"line":18,"column":9},"end":{"line":18,"column":41}},{"start":{"line":18,"column":41},"end":{"line":18,"column":null}}],"line":18},"4":{"loc":{"start":{"line":22,"column":17},"end":{"line":22,"column":53}},"type":"binary-expr","locations":[{"start":{"line":22,"column":17},"end":{"line":22,"column":26}},{"start":{"line":22,"column":26},"end":{"line":22,"column":53}}],"line":22},"5":{"loc":{"start":{"line":26,"column":2},"end":{"line":26,"column":null}},"type":"if","locations":[{"start":{"line":26,"column":2},"end":{"line":26,"column":null}},{"start":{},"end":{}}],"line":26},"6":{"loc":{"start":{"line":26,"column":6},"end":{"line":26,"column":62}},"type":"binary-expr","locations":[{"start":{"line":26,"column":6},"end":{"line":26,"column":40}},{"start":{"line":26,"column":40},"end":{"line":26,"column":62}}],"line":26},"7":{"loc":{"start":{"line":27,"column":2},"end":{"line":27,"column":null}},"type":"if","locations":[{"start":{"line":27,"column":2},"end":{"line":27,"column":null}},{"start":{},"end":{}}],"line":27},"8":{"loc":{"start":{"line":27,"column":6},"end":{"line":27,"column":51}},"type":"binary-expr","locations":[{"start":{"line":27,"column":6},"end":{"line":27,"column":29}},{"start":{"line":27,"column":29},"end":{"line":27,"column":51}}],"line":27}},"s":{"0":1,"1":5,"2":1,"3":4,"4":1,"5":3,"6":3,"7":3,"8":3,"9":1,"10":2,"11":2,"12":0},"f":{"0":5,"1":3,"2":3},"b":{"0":[5],"1":[1,4],"2":[1,3],"3":[3,2],"4":[3,2],"5":[1,2],"6":[3,1],"7":[2,0],"8":[2,1]},"meta":{"lastBranch":9,"lastFunction":3,"lastStatement":13,"seen":{"s:4:86:8:Infinity":0,"f:10:16:10:Infinity":0,"b:13:8:13:Infinity":0,"b:15:2:15:Infinity:undefined:undefined:undefined:undefined":1,"s:15:2:15:Infinity":1,"s:15:35:15:Infinity":2,"b:16:2:16:Infinity:undefined:undefined:undefined:undefined":2,"s:16:2:16:Infinity":3,"s:16:21:16:Infinity":4,"s:17:22:17:Infinity":5,"s:18:2:18:Infinity":6,"b:18:9:18:41:18:41:18:Infinity":3,"f:21:16:21:26":1,"s:22:2:22:Infinity":7,"b:22:17:22:26:22:26:22:53":4,"f:25:16:25:39":2,"b:26:2:26:Infinity:undefined:undefined:undefined:undefined":5,"s:26:2:26:Infinity":8,"b:26:6:26:40:26:40:26:62":6,"s:26:62:26:Infinity":9,"b:27:2:27:Infinity:undefined:undefined:undefined:undefined":7,"s:27:2:27:Infinity":10,"b:27:6:27:29:27:29:27:51":8,"s:27:51:27:Infinity":11,"s:28:2:28:Infinity":12},"fnNames":{}}}
,"/Users/tiklab/Project/AI内容营销平台-codex/ai-content-marketing-system/frontend/src/utils/tags.ts": {"path":"/Users/tiklab/Project/AI内容营销平台-codex/ai-content-marketing-system/frontend/src/utils/tags.ts","statementMap":{"0":{"start":{"line":2,"column":2},"end":{"line":5,"column":null}},"1":{"start":{"line":4,"column":18},"end":{"line":4,"column":28}},"2":{"start":{"line":5,"column":21},"end":{"line":5,"column":35}}},"fnMap":{"0":{"name":"parseTags","decl":{"start":{"line":1,"column":16},"end":{"line":1,"column":26}},"loc":{"start":{"line":1,"column":51},"end":{"line":6,"column":null}},"line":1},"1":{"name":"(anonymous_1)","decl":{"start":{"line":4,"column":5},"end":{"line":4,"column":10}},"loc":{"start":{"line":4,"column":18},"end":{"line":4,"column":28}},"line":4},"2":{"name":"(anonymous_2)","decl":{"start":{"line":5,"column":5},"end":{"line":5,"column":13}},"loc":{"start":{"line":5,"column":21},"end":{"line":5,"column":35}},"line":5}},"branchMap":{},"s":{"0":4,"1":9,"2":9},"f":{"0":4,"1":9,"2":9},"b":{},"meta":{"lastBranch":0,"lastFunction":3,"lastStatement":3,"seen":{"f:1:16:1:26":0,"s:2:2:5:Infinity":0,"f:4:5:4:10":1,"s:4:18:4:28":1,"f:5:5:5:13":2,"s:5:21:5:35":2},"fnNames":{}}}
}
